This is pdfTeX, Version 3.14159265-2.6-1.40.19 (TeX Live 2019/dev/Debian) (preloaded format=pdflatex 2019.11.19)  3 AUG 2020 11:55
entering extended mode
 restricted \write18 enabled.
 %&-line parsing enabled.
**plot.tex
(./plot.tex
LaTeX2e <2018-12-01>
(/usr/share/texlive/texmf-dist/tex/latex/base/article.cls
Document Class: article 2018/09/03 v1.4i Standard LaTeX document class
(/usr/share/texlive/texmf-dist/tex/latex/base/size10.clo
File: size10.clo 2018/09/03 v1.4i Standard LaTeX file (size option)
)
\c@part=\count80
\c@section=\count81
\c@subsection=\count82
\c@subsubsection=\count83
\c@paragraph=\count84
\c@subparagraph=\count85
\c@figure=\count86
\c@table=\count87
\abovecaptionskip=\skip41
\belowcaptionskip=\skip42
\bibindent=\dimen102
)
(/usr/share/texlive/texmf-dist/tex/latex/graphics/graphicx.sty
Package: graphicx 2017/06/01 v1.1a Enhanced LaTeX Graphics (DPC,SPQR)

(/usr/share/texlive/texmf-dist/tex/latex/graphics/keyval.sty
Package: keyval 2014/10/28 v1.15 key=value parser (DPC)
\KV@toks@=\toks14
)
(/usr/share/texlive/texmf-dist/tex/latex/graphics/graphics.sty
Package: graphics 2017/06/25 v1.2c Standard LaTeX Graphics (DPC,SPQR)

(/usr/share/texlive/texmf-dist/tex/latex/graphics/trig.sty
Package: trig 2016/01/03 v1.10 sin cos tan (DPC)
)
(/usr/share/texlive/texmf-dist/tex/latex/graphics-cfg/graphics.cfg
File: graphics.cfg 2016/06/04 v1.11 sample graphics configuration
)
Package graphics Info: Driver file: pdftex.def on input line 99.

(/usr/share/texlive/texmf-dist/tex/latex/graphics-def/pdftex.def
File: pdftex.def 2018/01/08 v1.0l Graphics/color driver for pdftex
))
\Gin@req@height=\dimen103
\Gin@req@width=\dimen104
) (./plot.aux)
\openout1 = `plot.aux'.

LaTeX Font Info:    Checking defaults for OML/cmm/m/it on input line 4.
LaTeX Font Info:    ... okay on input line 4.
LaTeX Font Info:    Checking defaults for T1/cmr/m/n on input line 4.
LaTeX Font Info:    ... okay on input line 4.
LaTeX Font Info:    Checking defaults for OT1/cmr/m/n on input line 4.
LaTeX Font Info:    ... okay on input line 4.
LaTeX Font Info:    Checking defaults for OMS/cmsy/m/n on input line 4.
LaTeX Font Info:    ... okay on input line 4.
LaTeX Font Info:    Checking defaults for OMX/cmex/m/n on input line 4.
LaTeX Font Info:    ... okay on input line 4.
LaTeX Font Info:    Checking defaults for U/cmr/m/n on input line 4.
LaTeX Font Info:    ... okay on input line 4.
 (/usr/share/texlive/texmf-dist/tex/context/base/mkii/supp-pdf.mkii
[Loading MPS to PDF converter (version 2006.09.02).]
\scratchcounter=\count88
\scratchdimen=\dimen105
\scratchbox=\box27
\nofMPsegments=\count89
\nofMParguments=\count90
\everyMPshowfont=\toks15
\MPscratchCnt=\count91
\MPscratchDim=\dimen106
\MPnumerator=\count92
\makeMPintoPDFobject=\count93
\everyMPtoPDFconversion=\toks16
) (/usr/share/texlive/texmf-dist/tex/latex/oberdiek/epstopdf-base.sty
Package: epstopdf-base 2016/05/15 v2.6 Base part for package epstopdf

(/usr/share/texlive/texmf-dist/tex/generic/oberdiek/infwarerr.sty
Package: infwarerr 2016/05/16 v1.4 Providing info/warning/error messages (HO)
)
(/usr/share/texlive/texmf-dist/tex/latex/oberdiek/grfext.sty
Package: grfext 2016/05/16 v1.2 Manage graphics extensions (HO)

(/usr/share/texlive/texmf-dist/tex/generic/oberdiek/kvdefinekeys.sty
Package: kvdefinekeys 2016/05/16 v1.4 Define keys (HO)

(/usr/share/texlive/texmf-dist/tex/generic/oberdiek/ltxcmds.sty
Package: ltxcmds 2016/05/16 v1.23 LaTeX kernel commands for general use (HO)
)))
(/usr/share/texlive/texmf-dist/tex/latex/oberdiek/kvoptions.sty
Package: kvoptions 2016/05/16 v3.12 Key value format for package options (HO)

(/usr/share/texlive/texmf-dist/tex/generic/oberdiek/kvsetkeys.sty
Package: kvsetkeys 2016/05/16 v1.17 Key value parser (HO)

(/usr/share/texlive/texmf-dist/tex/generic/oberdiek/etexcmds.sty
Package: etexcmds 2016/05/16 v1.6 Avoid name clashes with e-TeX commands (HO)

(/usr/share/texlive/texmf-dist/tex/generic/oberdiek/ifluatex.sty
Package: ifluatex 2016/05/16 v1.4 Provides the ifluatex switch (HO)
Package ifluatex Info: LuaTeX not detected.
))))
(/usr/share/texlive/texmf-dist/tex/generic/oberdiek/pdftexcmds.sty
Package: pdftexcmds 2018/09/10 v0.29 Utility functions of pdfTeX for LuaTeX (HO
)

(/usr/share/texlive/texmf-dist/tex/generic/oberdiek/ifpdf.sty
Package: ifpdf 2018/09/07 v3.3 Provides the ifpdf switch
)
Package pdftexcmds Info: LuaTeX not detected.
Package pdftexcmds Info: \pdf@primitive is available.
Package pdftexcmds Info: \pdf@ifprimitive is available.
Package pdftexcmds Info: \pdfdraftmode found.
)
Package epstopdf-base Info: Redefining graphics rule for `.eps' on input line 4
38.
Package grfext Info: Graphics extension search list:
(grfext)             [.pdf,.png,.jpg,.mps,.jpeg,.jbig2,.jb2,.PDF,.PNG,.JPG,.JPE
G,.JBIG2,.JB2,.eps]
(grfext)             \AppendGraphicsExtensions on input line 456.

(/usr/share/texlive/texmf-dist/tex/latex/latexconfig/epstopdf-sys.cfg
File: epstopdf-sys.cfg 2010/07/13 v1.3 Configuration of (r)epstopdf for TeX Liv
e
))
Package epstopdf Info: Source file: <pure-water/Fig1.eps>
(epstopdf)                    date: 2020-07-30 11:07:44
(epstopdf)                    size: 53589 bytes
(epstopdf)             Output file: <pure-water/Fig1-eps-converted-to.pdf>
(epstopdf)                    date: 2020-08-03 11:53:10
(epstopdf)                    size: 22354 bytes
(epstopdf)             Command: <repstopdf --outfile=pure-water/Fig1-eps-conver
ted-to.pdf pure-water/Fig1.eps>
(epstopdf)             \includegraphics on input line 8.
Package epstopdf Info: Output file is already uptodate.
<pure-water/Fig1-eps-converted-to.pdf, id=1, 289.08pt x 129.48375pt>
File: pure-water/Fig1-eps-converted-to.pdf Graphic file (type pdf)
<use pure-water/Fig1-eps-converted-to.pdf>
Package pdftex.def Info: pure-water/Fig1-eps-converted-to.pdf  used on input li
ne 8.
(pdftex.def)             Requested size: 448.07378pt x 200.70956pt.

Overfull \hbox (103.07378pt too wide) in paragraph at lines 8--9
 [][] 
 []

Package epstopdf Info: Source file: <pure-water/Fig2.eps>
(epstopdf)                    date: 2020-07-30 11:29:51
(epstopdf)                    size: 52624 bytes
(epstopdf)             Output file: <pure-water/Fig2-eps-converted-to.pdf>
(epstopdf)                    date: 2020-08-03 11:53:11
(epstopdf)                    size: 22048 bytes
(epstopdf)             Command: <repstopdf --outfile=pure-water/Fig2-eps-conver
ted-to.pdf pure-water/Fig2.eps>
(epstopdf)             \includegraphics on input line 10.
Package epstopdf Info: Output file is already uptodate.
<pure-water/Fig2-eps-converted-to.pdf, id=2, 289.08pt x 129.48375pt>
File: pure-water/Fig2-eps-converted-to.pdf Graphic file (type pdf)
<use pure-water/Fig2-eps-converted-to.pdf>
Package pdftex.def Info: pure-water/Fig2-eps-converted-to.pdf  used on input li
ne 10.
(pdftex.def)             Requested size: 448.07378pt x 200.70956pt.

Overfull \hbox (103.07378pt too wide) in paragraph at lines 10--11
 [][] 
 []

Package epstopdf Info: Source file: <pure-water/Fig3.eps>
(epstopdf)                    date: 2020-07-30 11:31:06
(epstopdf)                    size: 52169 bytes
(epstopdf)             Output file: <pure-water/Fig3-eps-converted-to.pdf>
(epstopdf)                    date: 2020-08-03 11:53:11
(epstopdf)                    size: 21464 bytes
(epstopdf)             Command: <repstopdf --outfile=pure-water/Fig3-eps-conver
ted-to.pdf pure-water/Fig3.eps>
(epstopdf)             \includegraphics on input line 12.
Package epstopdf Info: Output file is already uptodate.
<pure-water/Fig3-eps-converted-to.pdf, id=3, 289.08pt x 129.48375pt>
File: pure-water/Fig3-eps-converted-to.pdf Graphic file (type pdf)
<use pure-water/Fig3-eps-converted-to.pdf>
Package pdftex.def Info: pure-water/Fig3-eps-converted-to.pdf  used on input li
ne 12.
(pdftex.def)             Requested size: 448.07378pt x 200.70956pt.

Overfull \hbox (103.07378pt too wide) in paragraph at lines 12--13
 [][] 
 []


LaTeX Warning: Float too large for page by 78.07314pt on input line 14.

Package epstopdf Info: Source file: <mgcl2/Fig1.eps>
(epstopdf)                    date: 2020-08-03 11:14:42
(epstopdf)                    size: 63259 bytes
(epstopdf)             Output file: <mgcl2/Fig1-eps-converted-to.pdf>
(epstopdf)                    date: 2020-08-03 11:53:36
(epstopdf)                    size: 27315 bytes
(epstopdf)             Command: <repstopdf --outfile=mgcl2/Fig1-eps-converted-t
o.pdf mgcl2/Fig1.eps>
(epstopdf)             \includegraphics on input line 19.
Package epstopdf Info: Output file is already uptodate.
<mgcl2/Fig1-eps-converted-to.pdf, id=4, 289.08pt x 129.48375pt>
File: mgcl2/Fig1-eps-converted-to.pdf Graphic file (type pdf)
<use mgcl2/Fig1-eps-converted-to.pdf>
Package pdftex.def Info: mgcl2/Fig1-eps-converted-to.pdf  used on input line 19
.
(pdftex.def)             Requested size: 448.07378pt x 200.70956pt.

Overfull \hbox (103.07378pt too wide) in paragraph at lines 19--20
 [][] 
 []

Package epstopdf Info: Source file: <mgcl2/Fig2.eps>
(epstopdf)                    date: 2020-08-03 11:22:06
(epstopdf)                    size: 63204 bytes
(epstopdf)             Output file: <mgcl2/Fig2-eps-converted-to.pdf>
(epstopdf)                    date: 2020-08-03 11:53:37
(epstopdf)                    size: 27384 bytes
(epstopdf)             Command: <repstopdf --outfile=mgcl2/Fig2-eps-converted-t
o.pdf mgcl2/Fig2.eps>
(epstopdf)             \includegraphics on input line 21.
Package epstopdf Info: Output file is already uptodate.
<mgcl2/Fig2-eps-converted-to.pdf, id=5, 289.08pt x 129.48375pt>
File: mgcl2/Fig2-eps-converted-to.pdf Graphic file (type pdf)
<use mgcl2/Fig2-eps-converted-to.pdf>
Package pdftex.def Info: mgcl2/Fig2-eps-converted-to.pdf  used on input line 21
.
(pdftex.def)             Requested size: 448.07378pt x 200.70956pt.

Overfull \hbox (103.07378pt too wide) in paragraph at lines 21--22
 [][] 
 []

Package epstopdf Info: Source file: <mgcl2/Fig3.eps>
(epstopdf)                    date: 2020-08-03 11:22:36
(epstopdf)                    size: 62625 bytes
(epstopdf)             Output file: <mgcl2/Fig3-eps-converted-to.pdf>
(epstopdf)                    date: 2020-08-03 11:53:37
(epstopdf)                    size: 27640 bytes
(epstopdf)             Command: <repstopdf --outfile=mgcl2/Fig3-eps-converted-t
o.pdf mgcl2/Fig3.eps>
(epstopdf)             \includegraphics on input line 23.
Package epstopdf Info: Output file is already uptodate.
<mgcl2/Fig3-eps-converted-to.pdf, id=6, 289.08pt x 129.48375pt>
File: mgcl2/Fig3-eps-converted-to.pdf Graphic file (type pdf)
<use mgcl2/Fig3-eps-converted-to.pdf>
Package pdftex.def Info: mgcl2/Fig3-eps-converted-to.pdf  used on input line 23
.
(pdftex.def)             Requested size: 448.07378pt x 200.70956pt.

Overfull \hbox (103.07378pt too wide) in paragraph at lines 23--24
 [][] 
 []


LaTeX Warning: Float too large for page by 78.07314pt on input line 25.

Package epstopdf Info: Source file: <mgcl2-water/Fig1.eps>
(epstopdf)                    date: 2020-07-31 14:26:12
(epstopdf)                    size: 70491 bytes
(epstopdf)             Output file: <mgcl2-water/Fig1-eps-converted-to.pdf>
(epstopdf)                    date: 2020-08-03 11:54:01
(epstopdf)                    size: 33968 bytes
(epstopdf)             Command: <repstopdf --outfile=mgcl2-water/Fig1-eps-conve
rted-to.pdf mgcl2-water/Fig1.eps>
(epstopdf)             \includegraphics on input line 30.
Package epstopdf Info: Output file is already uptodate.
<mgcl2-water/Fig1-eps-converted-to.pdf, id=7, 289.08pt x 129.48375pt>
File: mgcl2-water/Fig1-eps-converted-to.pdf Graphic file (type pdf)
<use mgcl2-water/Fig1-eps-converted-to.pdf>
Package pdftex.def Info: mgcl2-water/Fig1-eps-converted-to.pdf  used on input l
ine 30.
(pdftex.def)             Requested size: 448.07378pt x 200.70956pt.

Overfull \hbox (103.07378pt too wide) in paragraph at lines 30--31
 [][] 
 []

Package epstopdf Info: Source file: <mgcl2-water/Fig2.eps>
(epstopdf)                    date: 2020-08-03 11:36:59
(epstopdf)                    size: 70308 bytes
(epstopdf)             Output file: <mgcl2-water/Fig2-eps-converted-to.pdf>
(epstopdf)                    date: 2020-08-03 11:54:01
(epstopdf)                    size: 32240 bytes
(epstopdf)             Command: <repstopdf --outfile=mgcl2-water/Fig2-eps-conve
rted-to.pdf mgcl2-water/Fig2.eps>
(epstopdf)             \includegraphics on input line 32.
Package epstopdf Info: Output file is already uptodate.
<mgcl2-water/Fig2-eps-converted-to.pdf, id=8, 289.08pt x 129.48375pt>
File: mgcl2-water/Fig2-eps-converted-to.pdf Graphic file (type pdf)
<use mgcl2-water/Fig2-eps-converted-to.pdf>
Package pdftex.def Info: mgcl2-water/Fig2-eps-converted-to.pdf  used on input l
ine 32.
(pdftex.def)             Requested size: 448.07378pt x 200.70956pt.

Overfull \hbox (103.07378pt too wide) in paragraph at lines 32--33
 [][] 
 []

Package epstopdf Info: Source file: <mgcl2-water/Fig3.eps>
(epstopdf)                    date: 2020-08-03 11:39:27
(epstopdf)                    size: 70515 bytes
(epstopdf)             Output file: <mgcl2-water/Fig3-eps-converted-to.pdf>
(epstopdf)                    date: 2020-08-03 11:54:02
(epstopdf)                    size: 32743 bytes
(epstopdf)             Command: <repstopdf --outfile=mgcl2-water/Fig3-eps-conve
rted-to.pdf mgcl2-water/Fig3.eps>
(epstopdf)             \includegraphics on input line 34.
Package epstopdf Info: Output file is already uptodate.
<mgcl2-water/Fig3-eps-converted-to.pdf, id=9, 289.08pt x 129.48375pt>
File: mgcl2-water/Fig3-eps-converted-to.pdf Graphic file (type pdf)
<use mgcl2-water/Fig3-eps-converted-to.pdf>
Package pdftex.def Info: mgcl2-water/Fig3-eps-converted-to.pdf  used on input l
ine 34.
(pdftex.def)             Requested size: 448.07378pt x 200.70956pt.

Overfull \hbox (103.07378pt too wide) in paragraph at lines 34--35
 [][] 
 []


LaTeX Warning: Float too large for page by 78.07314pt on input line 36.

[1{/var/lib/texmf/fonts/map/pdftex/updmap/pdftex.map} <./pure-water/Fig1-eps-co
nverted-to.pdf> <./pure-water/Fig2-eps-converted-to.pdf> <./pure-water/Fig3-eps
-converted-to.pdf>] [2 <./mgcl2/Fig1-eps-converted-to.pdf> <./mgcl2/Fig2-eps-co
nverted-to.pdf> <./mgcl2/Fig3-eps-converted-to.pdf>] [3 <./mgcl2-water/Fig1-eps
-converted-to.pdf> <./mgcl2-water/Fig2-eps-converted-to.pdf> <./mgcl2-water/Fig
3-eps-converted-to.pdf>] (./plot.aux) ) 
Here is how much of TeX's memory you used:
 1445 strings out of 494561
 21873 string characters out of 6177453
 77103 words of memory out of 5000000
 5121 multiletter control sequences out of 15000+600000
 3640 words of font info for 14 fonts, out of 8000000 for 9000
 14 hyphenation exceptions out of 8191
 41i,5n,25p,271b,216s stack positions out of 5000i,500n,10000p,200000b,80000s
</usr/share/texlive/texmf-dist/fonts/typ
e1/public/amsfonts/cm/cmr10.pfb>
Output written on plot.pdf (3 pages, 229995 bytes).
PDF statistics:
 115 PDF objects out of 1000 (max. 8388607)
 81 compressed objects within 1 object stream
 0 named destinations out of 1000 (max. 500000)
 46 words of extra memory for PDF output out of 10000 (max. 10000000)

